<?xml version="1.0" encoding="UTF-8"?>
<testng-results ignored="0" total="1" passed="1" failed="0" skipped="0">
  <reporter-output>
  </reporter-output>
  <suite started-at="2025-01-08T11:12:24 IST" name="Default suite" finished-at="2025-01-08T11:12:30 IST" duration-ms="6334">
    <groups>
    </groups>
    <test started-at="2025-01-08T11:12:24 IST" name="Default test" finished-at="2025-01-08T11:12:30 IST" duration-ms="6334">
      <class name="com.demoblaze.tests.SignUpPageTest">
        <test-method is-config="true" signature="setUp()[pri:0, instance:com.demoblaze.tests.SignUpPageTest@43195e57]" started-at="2025-01-08T11:12:24 IST" name="setUp" finished-at="2025-01-08T11:12:29 IST" duration-ms="5169" status="PASS">
          <reporter-output>
          </reporter-output>
        </test-method> <!-- setUp -->
        <test-method signature="testSignUp()[pri:0, instance:com.demoblaze.tests.SignUpPageTest@43195e57]" started-at="2025-01-08T11:12:29 IST" name="testSignUp" finished-at="2025-01-08T11:12:30 IST" duration-ms="986" status="PASS">
          <reporter-output>
          </reporter-output>
        </test-method> <!-- testSignUp -->
        <test-method is-config="true" signature="tearDown()[pri:0, instance:com.demoblaze.tests.SignUpPageTest@43195e57]" started-at="2025-01-08T11:12:30 IST" name="tearDown" finished-at="2025-01-08T11:12:30 IST" duration-ms="157" status="PASS">
          <reporter-output>
          </reporter-output>
        </test-method> <!-- tearDown -->
      </class> <!-- com.demoblaze.tests.SignUpPageTest -->
    </test> <!-- Default test -->
  </suite> <!-- Default suite -->
</testng-results>
