<?xml version="1.0" encoding="UTF-8"?>
<testng-results ignored="0" total="1" passed="1" failed="0" skipped="0">
  <reporter-output>
  </reporter-output>
  <suite started-at="2025-10-04T13:17:06 IST" name="BestBuyRegressionSuite" finished-at="2025-10-04T13:18:58 IST" duration-ms="112359">
    <groups>
    </groups>
    <test started-at="2025-10-04T13:17:06 IST" name="Login and Navigation Tests" finished-at="2025-10-04T13:18:58 IST" duration-ms="112359">
      <class name="com.bestbuy.tests.BestBuyOpenToCloseBrowserTest">
        <test-method is-config="true" signature="setup()[pri:0, instance:com.bestbuy.tests.BestBuyOpenToCloseBrowserTest@62150f9e]" started-at="2025-10-04T13:17:06 IST" name="setup" finished-at="2025-10-04T13:17:41 IST" duration-ms="35645" status="PASS">
          <reporter-output>
          </reporter-output>
        </test-method> <!-- setup -->
        <test-method signature="loginFlowTest()[pri:0, instance:com.bestbuy.tests.BestBuyOpenToCloseBrowserTest@62150f9e]" started-at="2025-10-04T13:17:41 IST" name="loginFlowTest" finished-at="2025-10-04T13:18:58 IST" duration-ms="76664" status="PASS">
          <reporter-output>
          </reporter-output>
        </test-method> <!-- loginFlowTest -->
      </class> <!-- com.bestbuy.tests.BestBuyOpenToCloseBrowserTest -->
    </test> <!-- Login and Navigation Tests -->
  </suite> <!-- BestBuyRegressionSuite -->
</testng-results>
